<?xml version="1.0" encoding="UTF-8"?>
<!-- Generated by org.testng.reporters.JUnitReportReporter -->
<testsuite hostname="Madhu" name="test.BookProduct" tests="1" failures="0" timestamp="4 Jul 2020 12:38:24 GMT" time="36.223" errors="0">
  <testcase name="TestBookProduct" time="36.223" classname="test.BookProduct"/>
</testsuite> <!-- test.BookProduct -->
